[INFO] Scanning for projects...
[INFO] ------------------------------------------------------------------------
[INFO] Building Unnamed - br.com.caelum:vraptor:jar:3.5.1-SNAPSHOT
[INFO]    task-segment: [clean, install]
[INFO] ------------------------------------------------------------------------
[INFO] [clean:clean {execution: default-clean}]
[INFO] Deleting directory C:\apache-maven-2.2.1\vraptor\vraptor-8\vers_mista\vraptor-core\target
[INFO] [resources:resources {execution: default-resources}]
[INFO] Using 'UTF-8' encoding to copy filtered resources.
[INFO] Copying 1 resource
[WARNING] While downloading org.apache.commons:commons-io:1.3.2
  This artifact has been relocated to commons-io:commons-io:1.3.2.
  https://issues.sonatype.org/browse/MVNCENTRAL-244


[INFO] [compiler:compile {execution: default-compile}]
[INFO] Compiling 406 source files to C:\apache-maven-2.2.1\vraptor\vraptor-8\vers_mista\vraptor-core\target\classes
[INFO] [resources:testResources {execution: default-testResources}]
[INFO] Using 'UTF-8' encoding to copy filtered resources.
[INFO] Copying 3 resources
[INFO] [compiler:testCompile {execution: default-testCompile}]
[INFO] Compiling 221 source files to C:\apache-maven-2.2.1\vraptor\vraptor-8\vers_mista\vraptor-core\target\test-classes
[INFO] [surefire:test {execution: default-test}]
[INFO] Surefire report directory: C:\apache-maven-2.2.1\vraptor\vraptor-8\vers_mista\vraptor-core\target\surefire-reports

-------------------------------------------------------
 T E S T S
-------------------------------------------------------
Running br.com.caelum.vraptor.proxy.JavassistProxifierTest
Tests run: 8, Failures: 0, Errors: 0, Skipped: 0, Time elapsed: 1.502 sec
Running br.com.caelum.vraptor.interceptor.DefaultTypeNameExtractorTest
Tests run: 4, Failures: 0, Errors: 0, Skipped: 0, Time elapsed: 0.086 sec
Running br.com.caelum.vraptor.util.test.MockValidatorTest
Tests run: 3, Failures: 0, Errors: 0, Skipped: 0, Time elapsed: 1.154 sec
Running br.com.caelum.vraptor.http.DefaultResourceTranslatorTest
Tests run: 13, Failures: 0, Errors: 0, Skipped: 0, Time elapsed: 0.747 sec
Running br.com.caelum.vraptor.restfulie.headers.DefaultRestHeadersHandlerTest
Tests run: 5, Failures: 0, Errors: 0, Skipped: 0, Time elapsed: 0.285 sec
Running br.com.caelum.vraptor.converter.DoubleConverterTest
Tests run: 4, Failures: 0, Errors: 0, Skipped: 0, Time elapsed: 0.056 sec
Running br.com.caelum.vraptor.interceptor.multipart.NullMultipartInterceptorTest
Tests run: 2, Failures: 0, Errors: 0, Skipped: 0, Time elapsed: 0.021 sec
Running br.com.caelum.vraptor.converter.jodatime.DateTimeConverterTest
Tests run: 4, Failures: 0, Errors: 0, Skipped: 0, Time elapsed: 1.065 sec
Running br.com.caelum.vraptor.serialization.PackageComparatorTest
Tests run: 3, Failures: 0, Errors: 0, Skipped: 0, Time elapsed: 0.043 sec
Running br.com.caelum.vraptor.interceptor.TopologicalSortedInterceptorRegistryTest
Tests run: 7, Failures: 0, Errors: 0, Skipped: 0, Time elapsed: 0.614 sec
Running br.com.caelum.vraptor.interceptor.multipart.UploadedFileConverterTest
13:57:37,976  WARN [UploadedFileConverter] There was an error when uploading the file {}. Please verify if commons-fileupload jars are in your classpath or you are using a Servlet 3 Container.
Tests run: 2, Failures: 0, Errors: 0, Skipped: 0, Time elapsed: 0.099 sec
Running br.com.caelum.vraptor.converter.l10n.LocaleBasedPrimitiveFloatConverterTest
Tests run: 6, Failures: 0, Errors: 0, Skipped: 0, Time elapsed: 0.173 sec
Running br.com.caelum.vraptor.interceptor.DeserializingInterceptorTest
Tests run: 8, Failures: 0, Errors: 0, Skipped: 0, Time elapsed: 0.311 sec
Running br.com.caelum.vraptor.scan.NullWebAppBootstrapTest
Tests run: 1, Failures: 0, Errors: 0, Skipped: 0, Time elapsed: 0.095 sec
Running br.com.caelum.vraptor.converter.l10n.LocaleBasedDoubleConverterTest
Tests run: 6, Failures: 0, Errors: 0, Skipped: 0, Time elapsed: 0.076 sec
Running br.com.caelum.vraptor.ioc.guice.GuiceProviderTest
log4j:WARN No appenders could be found for logger (org.hibernate.validator.util.Version).
log4j:WARN Please initialize the log4j system properly.
log4j:WARN See http://logging.apache.org/log4j/1.2/faq.html#noconfig for more info.
Tests run: 25, Failures: 0, Errors: 0, Skipped: 0, Time elapsed: 14.547 sec
Running br.com.caelum.vraptor.interceptor.download.InputStreamDownloadTest
Tests run: 2, Failures: 0, Errors: 0, Skipped: 0, Time elapsed: 0.16 sec
Running br.com.caelum.vraptor.core.DefaultStaticContentHandlerTest
Tests run: 4, Failures: 0, Errors: 0, Skipped: 0, Time elapsed: 0.483 sec
Running br.com.caelum.vraptor.http.ognl.ListAccessorTest
Tests run: 3, Failures: 0, Errors: 0, Skipped: 0, Time elapsed: 0.161 sec
Running br.com.caelum.vraptor.http.ognl.EmptyElementsRemovalTest
Tests run: 4, Failures: 0, Errors: 0, Skipped: 0, Time elapsed: 0.059 sec
Running br.com.caelum.vraptor.http.ParanamerNameProviderTest
Tests run: 9, Failures: 0, Errors: 0, Skipped: 0, Time elapsed: 0.076 sec
Running br.com.caelum.vraptor.view.LinkToHandlerTest
Tests run: 6, Failures: 1, Errors: 0, Skipped: 0, Time elapsed: 0.071 sec <<< FAILURE!
Running br.com.caelum.vraptor.proxy.CglibProxifierTest
Tests run: 8, Failures: 0, Errors: 0, Skipped: 0, Time elapsed: 0.107 sec
Running br.com.caelum.vraptor.converter.PrimitiveCharConverterTest
Tests run: 4, Failures: 0, Errors: 0, Skipped: 0, Time elapsed: 0.013 sec
Running br.com.caelum.vraptor.restfulie.LinkConverterJSONTest
Tests run: 3, Failures: 0, Errors: 0, Skipped: 0, Time elapsed: 0.649 sec
Running br.com.caelum.vraptor.http.ognl.ArrayAccessorTest
Tests run: 3, Failures: 0, Errors: 0, Skipped: 1, Time elapsed: 0.121 sec
Running br.com.caelum.vraptor.util.extjs.DefaultExtJsonTest
Tests run: 4, Failures: 0, Errors: 0, Skipped: 0, Time elapsed: 0.145 sec
Running br.com.caelum.vraptor.scan.DynamicWebAppBootstrapTest
Tests run: 3, Failures: 0, Errors: 0, Skipped: 0, Time elapsed: 0.02 sec
Running br.com.caelum.vraptor.validator.MethodValidatorTest
Tests run: 5, Failures: 0, Errors: 0, Skipped: 0, Time elapsed: 0.38 sec
Running br.com.caelum.vraptor.core.SafeResourceBundleTest
Tests run: 2, Failures: 0, Errors: 0, Skipped: 0, Time elapsed: 0.009 sec
Running br.com.caelum.vraptor.scan.JavassistBootstrapGeneratorTest
Tests run: 2, Failures: 0, Errors: 0, Skipped: 0, Time elapsed: 0.448 sec
Running br.com.caelum.vraptor.interceptor.DefaultInterceptorRegistryTest
Tests run: 1, Failures: 0, Errors: 0, Skipped: 0, Time elapsed: 0.019 sec
Running br.com.caelum.vraptor.converter.EnumConverterTest
Tests run: 7, Failures: 0, Errors: 0, Skipped: 0, Time elapsed: 0.042 sec
Running br.com.caelum.vraptor.deserialization.gson.GsonDeserializerTest
Tests run: 6, Failures: 0, Errors: 0, Skipped: 0, Time elapsed: 0.405 sec
Running br.com.caelum.vraptor.core.ToInstantiateInterceptorHandlerTest
Tests run: 3, Failures: 0, Errors: 0, Skipped: 0, Time elapsed: 0.07 sec
Running br.com.caelum.vraptor.interceptor.InstantiateInterceptorTest
Tests run: 3, Failures: 0, Errors: 0, Skipped: 0, Time elapsed: 0.071 sec
Running br.com.caelum.vraptor.core.DefaultResultTest
Tests run: 16, Failures: 0, Errors: 0, Skipped: 0, Time elapsed: 0.121 sec
Running br.com.caelum.vraptor.converter.jodatime.DateMidnightConverterTest
Tests run: 4, Failures: 0, Errors: 0, Skipped: 0, Time elapsed: 0.034 sec
Running br.com.caelum.vraptor.http.ognl.ReflectionBasedNullHandlerTest
Tests run: 7, Failures: 0, Errors: 0, Skipped: 0, Time elapsed: 0.164 sec
Running br.com.caelum.vraptor.converter.LocaleBasedDateConverterTest
Tests run: 5, Failures: 0, Errors: 0, Skipped: 0, Time elapsed: 0.05 sec
Running br.com.caelum.vraptor.converter.FloatConverterTest
Tests run: 4, Failures: 0, Errors: 0, Skipped: 0, Time elapsed: 0.014 sec
Running br.com.caelum.vraptor.interceptor.multipart.CommonsUploadMultipartInterceptorTest
13:57:57,401  WARN [CommonsUploadMultipartInterceptor] There was some problem parsing this multipart request, or someone is not sending a RFC1867 compatible multipart request.
org.apache.commons.fileupload.FileUploadException
	at br.com.caelum.vraptor.interceptor.multipart.CommonsUploadMultipartInterceptor.intercept(CommonsUploadMultipartInterceptor.java:102)
	at br.com.caelum.vraptor.interceptor.multipart.CommonsUploadMultipartInterceptorTest.doNothingWhenFileUploadExceptionOccurs(CommonsUploadMultipartInterceptorTest.java:233)
	at sun.reflect.NativeMethodAccessorImpl.invoke0(Native Method)
	at sun.reflect.NativeMethodAccessorImpl.invoke(NativeMethodAccessorImpl.java:57)
	at sun.reflect.DelegatingMethodAccessorImpl.invoke(DelegatingMethodAccessorImpl.java:43)
	at java.lang.reflect.Method.invoke(Method.java:601)
	at org.junit.runners.model.FrameworkMethod$1.runReflectiveCall(FrameworkMethod.java:45)
	at org.junit.internal.runners.model.ReflectiveCallable.run(ReflectiveCallable.java:15)
	at org.junit.runners.model.FrameworkMethod.invokeExplosively(FrameworkMethod.java:42)
	at org.junit.internal.runners.statements.InvokeMethod.evaluate(InvokeMethod.java:20)
	at org.junit.internal.runners.statements.RunBefores.evaluate(RunBefores.java:28)
	at org.junit.runners.ParentRunner.runLeaf(ParentRunner.java:263)
	at org.junit.runners.BlockJUnit4ClassRunner.runChild(BlockJUnit4ClassRunner.java:68)
	at org.junit.runners.BlockJUnit4ClassRunner.runChild(BlockJUnit4ClassRunner.java:47)
	at org.junit.runners.ParentRunner$3.run(ParentRunner.java:231)
	at org.junit.runners.ParentRunner$1.schedule(ParentRunner.java:60)
	at org.junit.runners.ParentRunner.runChildren(ParentRunner.java:229)
	at org.junit.runners.ParentRunner.access$000(ParentRunner.java:50)
	at org.junit.runners.ParentRunner$2.evaluate(ParentRunner.java:222)
	at org.junit.runners.ParentRunner.run(ParentRunner.java:300)
	at org.apache.maven.surefire.junit4.JUnit4TestSet.execute(JUnit4TestSet.java:62)
	at org.apache.maven.surefire.suite.AbstractDirectoryTestSuite.executeTestSet(AbstractDirectoryTestSuite.java:140)
	at org.apache.maven.surefire.suite.AbstractDirectoryTestSuite.execute(AbstractDirectoryTestSuite.java:127)
	at org.apache.maven.surefire.Surefire.run(Surefire.java:177)
	at sun.reflect.NativeMethodAccessorImpl.invoke0(Native Method)
	at sun.reflect.NativeMethodAccessorImpl.invoke(NativeMethodAccessorImpl.java:57)
	at sun.reflect.DelegatingMethodAccessorImpl.invoke(DelegatingMethodAccessorImpl.java:43)
	at java.lang.reflect.Method.invoke(Method.java:601)
	at org.apache.maven.surefire.booter.SurefireBooter.runSuitesInProcess(SurefireBooter.java:345)
	at org.apache.maven.surefire.booter.SurefireBooter.main(SurefireBooter.java:1009)
13:57:57,543  WARN [CommonsUploadMultipartInterceptor] Request have an invalid encoding. Ignoring it
13:57:57,572  WARN [CommonsUploadMultipartInterceptor] Request have an invalid encoding. Ignoring it
13:57:57,751  WARN [DefaultMultipartConfig] Unable to find temp directory, creating a dir inside the application
java.io.IOException
	at br.com.caelum.vraptor.interceptor.multipart.CommonsUploadMultipartInterceptor.intercept(CommonsUploadMultipartInterceptor.java:96)
	at br.com.caelum.vraptor.interceptor.multipart.CommonsUploadMultipartInterceptorTest.shouldCreateDirInsideAppIfTempDirAreNotAvailable(CommonsUploadMultipartInterceptorTest.java:261)
	at sun.reflect.NativeMethodAccessorImpl.invoke0(Native Method)
	at sun.reflect.NativeMethodAccessorImpl.invoke(NativeMethodAccessorImpl.java:57)
	at sun.reflect.DelegatingMethodAccessorImpl.invoke(DelegatingMethodAccessorImpl.java:43)
	at java.lang.reflect.Method.invoke(Method.java:601)
	at org.junit.runners.model.FrameworkMethod$1.runReflectiveCall(FrameworkMethod.java:45)
	at org.junit.internal.runners.model.ReflectiveCallable.run(ReflectiveCallable.java:15)
	at org.junit.runners.model.FrameworkMethod.invokeExplosively(FrameworkMethod.java:42)
	at org.junit.internal.runners.statements.InvokeMethod.evaluate(InvokeMethod.java:20)
	at org.junit.internal.runners.statements.RunBefores.evaluate(RunBefores.java:28)
	at org.junit.runners.ParentRunner.runLeaf(ParentRunner.java:263)
	at org.junit.runners.BlockJUnit4ClassRunner.runChild(BlockJUnit4ClassRunner.java:68)
	at org.junit.runners.BlockJUnit4ClassRunner.runChild(BlockJUnit4ClassRunner.java:47)
	at org.junit.runners.ParentRunner$3.run(ParentRunner.java:231)
	at org.junit.runners.ParentRunner$1.schedule(ParentRunner.java:60)
	at org.junit.runners.ParentRunner.runChildren(ParentRunner.java:229)
	at org.junit.runners.ParentRunner.access$000(ParentRunner.java:50)
	at org.junit.runners.ParentRunner$2.evaluate(ParentRunner.java:222)
	at org.junit.runners.ParentRunner.run(ParentRunner.java:300)
	at org.apache.maven.surefire.junit4.JUnit4TestSet.execute(JUnit4TestSet.java:62)
	at org.apache.maven.surefire.suite.AbstractDirectoryTestSuite.executeTestSet(AbstractDirectoryTestSuite.java:140)
	at org.apache.maven.surefire.suite.AbstractDirectoryTestSuite.execute(AbstractDirectoryTestSuite.java:127)
	at org.apache.maven.surefire.Surefire.run(Surefire.java:177)
	at sun.reflect.NativeMethodAccessorImpl.invoke0(Native Method)
	at sun.reflect.NativeMethodAccessorImpl.invoke(NativeMethodAccessorImpl.java:57)
	at sun.reflect.DelegatingMethodAccessorImpl.invoke(DelegatingMethodAccessorImpl.java:43)
	at java.lang.reflect.Method.invoke(Method.java:601)
	at org.apache.maven.surefire.booter.SurefireBooter.runSuitesInProcess(SurefireBooter.java:345)
	at org.apache.maven.surefire.booter.SurefireBooter.main(SurefireBooter.java:1009)
13:57:57,774  WARN [CommonsUploadMultipartInterceptor] The file size limit was exceeded.
org.apache.commons.fileupload.FileUploadBase$SizeLimitExceededException: 
	at br.com.caelum.vraptor.interceptor.multipart.CommonsUploadMultipartInterceptor.intercept(CommonsUploadMultipartInterceptor.java:102)
	at br.com.caelum.vraptor.interceptor.multipart.CommonsUploadMultipartInterceptorTest.shouldValidateWhenSizeLimitExceededExceptionOccurs(CommonsUploadMultipartInterceptorTest.java:242)
	at sun.reflect.NativeMethodAccessorImpl.invoke0(Native Method)
	at sun.reflect.NativeMethodAccessorImpl.invoke(NativeMethodAccessorImpl.java:57)
	at sun.reflect.DelegatingMethodAccessorImpl.invoke(DelegatingMethodAccessorImpl.java:43)
	at java.lang.reflect.Method.invoke(Method.java:601)
	at org.junit.runners.model.FrameworkMethod$1.runReflectiveCall(FrameworkMethod.java:45)
	at org.junit.internal.runners.model.ReflectiveCallable.run(ReflectiveCallable.java:15)
	at org.junit.runners.model.FrameworkMethod.invokeExplosively(FrameworkMethod.java:42)
	at org.junit.internal.runners.statements.InvokeMethod.evaluate(InvokeMethod.java:20)
	at org.junit.internal.runners.statements.RunBefores.evaluate(RunBefores.java:28)
	at org.junit.runners.ParentRunner.runLeaf(ParentRunner.java:263)
	at org.junit.runners.BlockJUnit4ClassRunner.runChild(BlockJUnit4ClassRunner.java:68)
	at org.junit.runners.BlockJUnit4ClassRunner.runChild(BlockJUnit4ClassRunner.java:47)
	at org.junit.runners.ParentRunner$3.run(ParentRunner.java:231)
	at org.junit.runners.ParentRunner$1.schedule(ParentRunner.java:60)
	at org.junit.runners.ParentRunner.runChildren(ParentRunner.java:229)
	at org.junit.runners.ParentRunner.access$000(ParentRunner.java:50)
	at org.junit.runners.ParentRunner$2.evaluate(ParentRunner.java:222)
	at org.junit.runners.ParentRunner.run(ParentRunner.java:300)
	at org.apache.maven.surefire.junit4.JUnit4TestSet.execute(JUnit4TestSet.java:62)
	at org.apache.maven.surefire.suite.AbstractDirectoryTestSuite.executeTestSet(AbstractDirectoryTestSuite.java:140)
	at org.apache.maven.surefire.suite.AbstractDirectoryTestSuite.execute(AbstractDirectoryTestSuite.java:127)
	at org.apache.maven.surefire.Surefire.run(Surefire.java:177)
	at sun.reflect.NativeMethodAccessorImpl.invoke0(Native Method)
	at sun.reflect.NativeMethodAccessorImpl.invoke(NativeMethodAccessorImpl.java:57)
	at sun.reflect.DelegatingMethodAccessorImpl.invoke(DelegatingMethodAccessorImpl.java:43)
	at java.lang.reflect.Method.invoke(Method.java:601)
	at org.apache.maven.surefire.booter.SurefireBooter.runSuitesInProcess(SurefireBooter.java:345)
	at org.apache.maven.surefire.booter.SurefireBooter.main(SurefireBooter.java:1009)
Tests run: 13, Failures: 0, Errors: 0, Skipped: 0, Time elapsed: 0.694 sec
Running br.com.caelum.vraptor.ioc.ComponentFactoryIntrospectorTest
Tests run: 5, Failures: 0, Errors: 0, Skipped: 0, Time elapsed: 0.119 sec
Running br.com.caelum.vraptor.converter.PrimitiveFloatConverterTest
Tests run: 4, Failures: 0, Errors: 0, Skipped: 0, Time elapsed: 0.014 sec
Running br.com.caelum.vraptor.core.JstlLocalizationTest
sun.util.ResourceBundleEnumeration@51570dbd
Tests run: 8, Failures: 0, Errors: 0, Skipped: 0, Time elapsed: 0.073 sec
Running br.com.caelum.vraptor.http.DefaultFormatResolverTest
Tests run: 5, Failures: 0, Errors: 0, Skipped: 0, Time elapsed: 0.064 sec
Running br.com.caelum.vraptor.http.route.DefaultTypeFinderTest
Tests run: 2, Failures: 0, Errors: 0, Skipped: 0, Time elapsed: 0.035 sec
Running br.com.caelum.vraptor.serialization.DefaultXMLConfigurationTest
Tests run: 2, Failures: 0, Errors: 0, Skipped: 0, Time elapsed: 0.013 sec
Running br.com.caelum.vraptor.serialization.DefaultRepresentationResultTest
Tests run: 7, Failures: 0, Errors: 0, Skipped: 0, Time elapsed: 0.135 sec
Running br.com.caelum.vraptor.restfulie.LinkConverterTest
Tests run: 4, Failures: 0, Errors: 0, Skipped: 0, Time elapsed: 0.273 sec
Running br.com.caelum.vraptor.converter.PrimitiveShortConverterTest
Tests run: 4, Failures: 0, Errors: 0, Skipped: 0, Time elapsed: 0.032 sec
Running br.com.caelum.vraptor.converter.jodatime.LocalDateConverterTest
Tests run: 4, Failures: 0, Errors: 0, Skipped: 0, Time elapsed: 0.039 sec
Running br.com.caelum.vraptor.http.route.DefaultParametersControlTest
Tests run: 25, Failures: 0, Errors: 0, Skipped: 0, Time elapsed: 0.476 sec
Running br.com.caelum.vraptor.validator.ValidationsTest
Tests run: 19, Failures: 0, Errors: 0, Skipped: 0, Time elapsed: 0.194 sec
Running br.com.caelum.vraptor.resource.DefaultMethodNotAllowedHandlerTest
Tests run: 4, Failures: 0, Errors: 0, Skipped: 0, Time elapsed: 0.038 sec
Running br.com.caelum.vraptor.ioc.spring.SpringProviderTest
13:57:59,814 ERROR [ScannotationComponentScanner] There's no occurence of package br.com.caelum.vraptor.ioc.spring.components.registrar in classpath
13:58:00,170 ERROR [ScannotationComponentScanner] There's no occurence of package br.com.caelum.vraptor.ioc.spring.components.registrar in classpath
13:58:02,772 ERROR [ScannotationComponentScanner] There's no occurence of package br.com.caelum.vraptor.ioc.spring.components.registrar in classpath
Tests run: 3, Failures: 0, Errors: 0, Skipped: 0, Time elapsed: 4.047 sec
Running br.com.caelum.vraptor.core.DefaultInterceptorStackTest
Tests run: 2, Failures: 0, Errors: 0, Skipped: 0, Time elapsed: 0.162 sec
Running br.com.caelum.vraptor.http.route.JavaEvaluatorTest
Tests run: 9, Failures: 0, Errors: 0, Skipped: 0, Time elapsed: 0.024 sec
Running br.com.caelum.vraptor.http.iogi.IogiGenericTypesSupportTest
Tests run: 6, Failures: 0, Errors: 0, Skipped: 0, Time elapsed: 0.401 sec
Running br.com.caelum.vraptor.ioc.pico.CustomPicoProviderTest
13:58:09,747  WARN [PicoComponentRegistry] VRaptor was already initialized, the contexts were created but you are registering a component.This is nasty. The original component might already be in use.Avoid doing it: br.com.caelum.vraptor.ioc.GenericContainerTest$MyAppComponent
13:58:10,034  WARN [PicoComponentRegistry] VRaptor was already initialized, the contexts were created but you are registering a component.This is nasty. The original component might already be in use.Avoid doing it: br.com.caelum.vraptor.ioc.GenericContainerTest$MyAppComponentWithLifecycle
Tests run: 25, Failures: 0, Errors: 0, Skipped: 0, Time elapsed: 6.431 sec
Running br.com.caelum.vraptor.ioc.AbstractComponentRegistryTest
Tests run: 2, Failures: 0, Errors: 0, Skipped: 0, Time elapsed: 0.045 sec
Running br.com.caelum.vraptor.converter.ByteConverterTest
Tests run: 4, Failures: 0, Errors: 0, Skipped: 0, Time elapsed: 0.01 sec
Running br.com.caelum.vraptor.deserialization.DefaultDeserializersTest
Tests run: 6, Failures: 0, Errors: 0, Skipped: 0, Time elapsed: 0.039 sec
Running br.com.caelum.vraptor.validator.ValidatorAcceptanceTest
Tests run: 1, Failures: 0, Errors: 0, Skipped: 0, Time elapsed: 0.042 sec
Running br.com.caelum.vraptor.restfulie.serialization.RestfulSerializationJSONTest
Tests run: 3, Failures: 0, Errors: 0, Skipped: 0, Time elapsed: 0.063 sec
Running br.com.caelum.vraptor.interceptor.ParametersInstantiatorInterceptorTest
Tests run: 11, Failures: 0, Errors: 0, Skipped: 0, Time elapsed: 0.232 sec
Running br.com.caelum.vraptor.serialization.xstream.XStreamJSONPSerializationTest
Tests run: 2, Failures: 0, Errors: 0, Skipped: 0, Time elapsed: 0.06 sec
Running br.com.caelum.vraptor.converter.BooleanConverterTest
Tests run: 8, Failures: 0, Errors: 0, Skipped: 0, Time elapsed: 0.014 sec
Running br.com.caelum.vraptor.serialization.I18nMessageSerializationTest
Tests run: 3, Failures: 0, Errors: 0, Skipped: 0, Time elapsed: 0.05 sec
Running br.com.caelum.vraptor.http.route.PathAnnotationRoutesParserTest
Tests run: 33, Failures: 0, Errors: 0, Skipped: 0, Time elapsed: 0.867 sec
Running br.com.caelum.vraptor.http.ognl.VRaptorConvertersAdapterTest
Tests run: 3, Failures: 0, Errors: 0, Skipped: 0, Time elapsed: 0.036 sec
Running br.com.caelum.vraptor.converter.PrimitiveIntConverterTest
Tests run: 4, Failures: 0, Errors: 0, Skipped: 0, Time elapsed: 0.01 sec
Running br.com.caelum.vraptor.ioc.spring.VRaptorScopeResolverTest
Tests run: 4, Failures: 0, Errors: 0, Skipped: 0, Time elapsed: 0.021 sec
Running br.com.caelum.vraptor.http.iogi.MiscIogiSupportTest
Tests run: 2, Failures: 0, Errors: 0, Skipped: 0, Time elapsed: 0.056 sec
Running br.com.caelum.vraptor.view.DefaultPathResolverTest
Tests run: 3, Failures: 0, Errors: 0, Skipped: 0, Time elapsed: 0.034 sec
Running br.com.caelum.vraptor.http.iogi.IogiParametersProviderTest
Tests run: 35, Failures: 0, Errors: 0, Skipped: 0, Time elapsed: 1.065 sec
Running br.com.caelum.vraptor.http.route.RulesTest
Tests run: 1, Failures: 0, Errors: 0, Skipped: 0, Time elapsed: 0.051 sec
Running br.com.caelum.vraptor.serialization.xstream.XStreamJSONSerializationTest
Tests run: 22, Failures: 0, Errors: 0, Skipped: 1, Time elapsed: 0.549 sec
Running br.com.caelum.vraptor.core.ExceptionRecorderTest
Tests run: 3, Failures: 0, Errors: 0, Skipped: 0, Time elapsed: 0.036 sec
Running br.com.caelum.vraptor.proxy.ReflectionInstanceCreatorTest
Tests run: 5, Failures: 0, Errors: 0, Skipped: 0, Time elapsed: 0.054 sec
Running br.com.caelum.vraptor.interceptor.multipart.DefaultUploadedFileTest
Tests run: 3, Failures: 0, Errors: 0, Skipped: 0, Time elapsed: 0.023 sec
Running br.com.caelum.vraptor.converter.PrimitiveBooleanConverterTest
Tests run: 8, Failures: 0, Errors: 0, Skipped: 0, Time elapsed: 0.017 sec
Running br.com.caelum.vraptor.config.BasicConfigurationTest
Tests run: 16, Failures: 0, Errors: 0, Skipped: 0, Time elapsed: 0.229 sec
Running br.com.caelum.vraptor.http.ognl.ListNullHandlerTest
Tests run: 2, Failures: 0, Errors: 0, Skipped: 0, Time elapsed: 0.079 sec
Running br.com.caelum.vraptor.converter.l10n.LocaleBasedFloatConverterTest
Tests run: 6, Failures: 0, Errors: 0, Skipped: 0, Time elapsed: 0.08 sec
Running br.com.caelum.vraptor.converter.PrimitiveByteConverterTest
Tests run: 4, Failures: 0, Errors: 0, Skipped: 0, Time elapsed: 0.015 sec
Running br.com.caelum.vraptor.ioc.guice.SessionCustomScopeTest
Tests run: 3, Failures: 0, Errors: 0, Skipped: 0, Time elapsed: 0.122 sec
Running br.com.caelum.vraptor.converter.LocaleBasedTimeConverterTest
Tests run: 5, Failures: 0, Errors: 0, Skipped: 0, Time elapsed: 0.059 sec
Running br.com.caelum.vraptor.view.DefaultLogicResultTest
Tests run: 12, Failures: 0, Errors: 0, Skipped: 0, Time elapsed: 0.215 sec
Running br.com.caelum.vraptor.validator.ReplicatorOutjectorTest
Tests run: 1, Failures: 0, Errors: 0, Skipped: 0, Time elapsed: 0.019 sec
Running br.com.caelum.vraptor.view.DefaultValidationViewsFactoryTest
Tests run: 24, Failures: 0, Errors: 0, Skipped: 0, Time elapsed: 0.55 sec
Running br.com.caelum.vraptor.http.ognl.OgnlParametersProviderTest
Tests run: 27, Failures: 0, Errors: 0, Skipped: 0, Time elapsed: 0.511 sec
Running br.com.caelum.vraptor.view.DefaultAcceptHeaderToFormatTest
Tests run: 15, Failures: 0, Errors: 0, Skipped: 0, Time elapsed: 0.132 sec
Running br.com.caelum.vraptor.converter.BigIntegerConverterTest
Tests run: 5, Failures: 0, Errors: 0, Skipped: 0, Time elapsed: 0.015 sec
Running br.com.caelum.vraptor.ioc.spring.SpringBasedContainerTest
Tests run: 16, Failures: 0, Errors: 0, Skipped: 0, Time elapsed: 5.539 sec
Running br.com.caelum.vraptor.converter.PrimitiveDoubleConverterTest
Tests run: 4, Failures: 0, Errors: 0, Skipped: 0, Time elapsed: 0.008 sec
Running br.com.caelum.vraptor.http.ognl.MiscOgnlSupportTest
Tests run: 2, Failures: 0, Errors: 0, Skipped: 0, Time elapsed: 0.034 sec
Running br.com.caelum.vraptor.validator.BeanValidatorTest
13:58:21,663  WARN [NullBeanValidator   ] You are willing to validate an object, but there is no bean validation engine registered. Please add the jars of some implementation of Bean Validator.
13:58:21,664  WARN [NullBeanValidator   ] You are willing to validate an object, but there is no bean validation engine registered. Please add the jars of some implementation of Bean Validator.
13:58:21,665  WARN [NullBeanValidator   ] You are willing to validate an object, but there is no bean validation engine registered. Please add the jars of some implementation of Bean Validator.
13:58:21,708  WARN [DefaultBeanValidator] skiping validation, input bean is null.
13:58:21,711  WARN [DefaultBeanValidator] skiping validation, input bean is null.
Tests run: 11, Failures: 0, Errors: 0, Skipped: 0, Time elapsed: 0.11 sec
Running br.com.caelum.vraptor.serialization.xstream.XStreamXMLSerializationTest
Tests run: 24, Failures: 0, Errors: 0, Skipped: 1, Time elapsed: 0.305 sec
Running br.com.caelum.vraptor.interceptor.OutjectResultTest
Tests run: 4, Failures: 0, Errors: 0, Skipped: 0, Time elapsed: 0.449 sec
Running br.com.caelum.vraptor.core.LazyInterceptorHandlerTest
Tests run: 4, Failures: 0, Errors: 0, Skipped: 0, Time elapsed: 0.048 sec
Running br.com.caelum.vraptor.http.VRaptorRequestTest
Tests run: 7, Failures: 0, Errors: 0, Skipped: 0, Time elapsed: 0.052 sec
Running br.com.caelum.vraptor.view.DefaultRefererResultTest
Tests run: 6, Failures: 0, Errors: 0, Skipped: 0, Time elapsed: 0.076 sec
Running br.com.caelum.vraptor.util.test.MockHttpResultTest
Tests run: 1, Failures: 0, Errors: 0, Skipped: 0, Time elapsed: 0.007 sec
Running br.com.caelum.vraptor.ioc.spring.SpringProviderRegisteringComponentsTest
Tests run: 21, Failures: 0, Errors: 0, Skipped: 0, Time elapsed: 7.281 sec
Running br.com.caelum.vraptor.http.route.RouteBuilderTest
Tests run: 10, Failures: 0, Errors: 0, Skipped: 1, Time elapsed: 0.091 sec
Running br.com.caelum.vraptor.deserialization.XStreamXmlDeserializerTest
Tests run: 5, Failures: 0, Errors: 0, Skipped: 0, Time elapsed: 0.142 sec
Running br.com.caelum.vraptor.restfulie.serialization.MethodValueSupportConverterTest
Tests run: 2, Failures: 0, Errors: 0, Skipped: 0, Time elapsed: 0.036 sec
Running br.com.caelum.vraptor.core.DefaultInterceptorHandlerFactoryTest
Tests run: 3, Failures: 0, Errors: 0, Skipped: 0, Time elapsed: 0.02 sec
Running br.com.caelum.vraptor.config.ApplicationConfigurationTest
Tests run: 2, Failures: 0, Errors: 0, Skipped: 0, Time elapsed: 0.019 sec
Running br.com.caelum.vraptor.validator.DefaultValidatorTest
Tests run: 12, Failures: 0, Errors: 0, Skipped: 0, Time elapsed: 0.238 sec
Running br.com.caelum.vraptor.resource.HttpMethodTest
Tests run: 6, Failures: 0, Errors: 0, Skipped: 0, Time elapsed: 0.028 sec
Running br.com.caelum.vraptor.scan.WebBasedClasspathResolverTest
13:58:30,548 ERROR [WebBasedClasspathResolver] Could not get class loader from servlet context. Using current thread class loader...
java.lang.SecurityException: getClassLoader
	at br.com.caelum.vraptor.scan.WebBasedClasspathResolver.getClassLoader(WebBasedClasspathResolver.java:49)
	at br.com.caelum.vraptor.scan.WebBasedClasspathResolverTest.callerContextDifferentFromRequestedClassLoaderReturnsCurrentClassLoader(WebBasedClasspathResolverTest.java:20)
	at sun.reflect.NativeMethodAccessorImpl.invoke0(Native Method)
	at sun.reflect.NativeMethodAccessorImpl.invoke(NativeMethodAccessorImpl.java:57)
	at sun.reflect.DelegatingMethodAccessorImpl.invoke(DelegatingMethodAccessorImpl.java:43)
	at java.lang.reflect.Method.invoke(Method.java:601)
	at org.junit.runners.model.FrameworkMethod$1.runReflectiveCall(FrameworkMethod.java:45)
	at org.junit.internal.runners.model.ReflectiveCallable.run(ReflectiveCallable.java:15)
	at org.junit.runners.model.FrameworkMethod.invokeExplosively(FrameworkMethod.java:42)
	at org.junit.internal.runners.statements.InvokeMethod.evaluate(InvokeMethod.java:20)
	at org.junit.runners.ParentRunner.runLeaf(ParentRunner.java:263)
	at org.junit.runners.BlockJUnit4ClassRunner.runChild(BlockJUnit4ClassRunner.java:68)
	at org.junit.runners.BlockJUnit4ClassRunner.runChild(BlockJUnit4ClassRunner.java:47)
	at org.junit.runners.ParentRunner$3.run(ParentRunner.java:231)
	at org.junit.runners.ParentRunner$1.schedule(ParentRunner.java:60)
	at org.junit.runners.ParentRunner.runChildren(ParentRunner.java:229)
	at org.junit.runners.ParentRunner.access$000(ParentRunner.java:50)
	at org.junit.runners.ParentRunner$2.evaluate(ParentRunner.java:222)
	at org.junit.runners.ParentRunner.run(ParentRunner.java:300)
	at org.apache.maven.surefire.junit4.JUnit4TestSet.execute(JUnit4TestSet.java:62)
	at org.apache.maven.surefire.suite.AbstractDirectoryTestSuite.executeTestSet(AbstractDirectoryTestSuite.java:140)
	at org.apache.maven.surefire.suite.AbstractDirectoryTestSuite.execute(AbstractDirectoryTestSuite.java:127)
	at org.apache.maven.surefire.Surefire.run(Surefire.java:177)
	at sun.reflect.NativeMethodAccessorImpl.invoke0(Native Method)
	at sun.reflect.NativeMethodAccessorImpl.invoke(NativeMethodAccessorImpl.java:57)
	at sun.reflect.DelegatingMethodAccessorImpl.invoke(DelegatingMethodAccessorImpl.java:43)
	at java.lang.reflect.Method.invoke(Method.java:601)
	at org.apache.maven.surefire.booter.SurefireBooter.runSuitesInProcess(SurefireBooter.java:345)
	at org.apache.maven.surefire.booter.SurefireBooter.main(SurefireBooter.java:1009)
Tests run: 1, Failures: 0, Errors: 0, Skipped: 0, Time elapsed: 0.014 sec
Running br.com.caelum.vraptor.ioc.pico.PicoComponentRegistryTest
13:58:30,602  WARN [PicoComponentRegistry] VRaptor was already initialized, the contexts were created but you are registering a component.This is nasty. The original component might already be in use.Avoid doing it: br.com.caelum.vraptor.ioc.pico.PicoComponentRegistryTest$Base
Tests run: 2, Failures: 0, Errors: 0, Skipped: 0, Time elapsed: 0.053 sec
Running br.com.caelum.vraptor.converter.IntegerConverterTest
Tests run: 4, Failures: 0, Errors: 0, Skipped: 0, Time elapsed: 0.012 sec
Running br.com.caelum.vraptor.converter.LocaleBasedCalendarConverterTest
Tests run: 5, Failures: 0, Errors: 0, Skipped: 0, Time elapsed: 0.034 sec
Running br.com.caelum.vraptor.interceptor.download.FileDownloadTest
Tests run: 3, Failures: 0, Errors: 0, Skipped: 0, Time elapsed: 0.028 sec
Running br.com.caelum.vraptor.converter.jodatime.LocaleBasedJodaTimeConverterTest
Tests run: 2, Failures: 0, Errors: 0, Skipped: 0, Time elapsed: 0.018 sec
Running br.com.caelum.vraptor.VRaptorTest
Tests run: 4, Failures: 0, Errors: 0, Skipped: 0, Time elapsed: 0.169 sec
Running br.com.caelum.vraptor.ioc.pico.PicoProviderTest
13:58:33,066  WARN [PicoComponentRegistry] VRaptor was already initialized, the contexts were created but you are registering a component.This is nasty. The original component might already be in use.Avoid doing it: br.com.caelum.vraptor.ioc.GenericContainerTest$MyAppComponent
13:58:33,282  WARN [PicoComponentRegistry] VRaptor was already initialized, the contexts were created but you are registering a component.This is nasty. The original component might already be in use.Avoid doing it: br.com.caelum.vraptor.ioc.GenericContainerTest$MyAppComponentWithLifecycle
Tests run: 22, Failures: 0, Errors: 0, Skipped: 0, Time elapsed: 2.82 sec
Running br.com.caelum.vraptor.util.test.MockResultTest
Tests run: 7, Failures: 0, Errors: 0, Skipped: 0, Time elapsed: 0.053 sec
Running br.com.caelum.vraptor.interceptor.ResourceLookupInterceptorTest
Tests run: 4, Failures: 0, Errors: 0, Skipped: 0, Time elapsed: 0.053 sec
Running br.com.caelum.vraptor.http.route.DefaultRouterTest
Tests run: 12, Failures: 0, Errors: 0, Skipped: 0, Time elapsed: 0.162 sec
Running br.com.caelum.vraptor.interceptor.ExceptionHandlerInterceptorTest
Tests run: 3, Failures: 0, Errors: 0, Skipped: 0, Time elapsed: 0.034 sec
Running br.com.caelum.vraptor.http.WebXmlEncodingHandlerTest
Tests run: 2, Failures: 0, Errors: 0, Skipped: 0, Time elapsed: 0.012 sec
Running br.com.caelum.vraptor.scan.ScannotationComponentScannerTest
Tests run: 4, Failures: 0, Errors: 0, Skipped: 0, Time elapsed: 2.464 sec
Running br.com.caelum.vraptor.restfulie.relation.DefaultRelationBuilderTest
Tests run: 3, Failures: 0, Errors: 0, Skipped: 0, Time elapsed: 0.083 sec
Running br.com.caelum.vraptor.converter.BigDecimalConverterTest
Tests run: 4, Failures: 0, Errors: 0, Skipped: 0, Time elapsed: 0.021 sec
Running br.com.caelum.vraptor.serialization.gson.GsonJSONSerializationTest
Tests run: 24, Failures: 0, Errors: 0, Skipped: 1, Time elapsed: 0.497 sec
Running br.com.caelum.vraptor.extra.ForwardToDefaultViewInterceptorTest
Tests run: 3, Failures: 0, Errors: 0, Skipped: 0, Time elapsed: 0.017 sec
Running br.com.caelum.vraptor.view.DefaultPageResultTest
Tests run: 14, Failures: 0, Errors: 0, Skipped: 0, Time elapsed: 0.099 sec
Running br.com.caelum.vraptor.view.DefaultStatusTest
Tests run: 13, Failures: 0, Errors: 0, Skipped: 0, Time elapsed: 0.187 sec
Running br.com.caelum.vraptor.ioc.InterceptorStereotypeHandlerTest
Tests run: 1, Failures: 0, Errors: 0, Skipped: 0, Time elapsed: 0.024 sec
Running br.com.caelum.vraptor.converter.CharacterConverterTest
Tests run: 3, Failures: 0, Errors: 0, Skipped: 0, Time elapsed: 0.013 sec
Running br.com.caelum.vraptor.deserialization.DeserializesHandlerTest
Tests run: 3, Failures: 0, Errors: 0, Skipped: 0, Time elapsed: 0.024 sec
Running br.com.caelum.vraptor.http.route.FixedMethodStrategyTest
Tests run: 2, Failures: 0, Errors: 0, Skipped: 0, Time elapsed: 0.099 sec
Running br.com.caelum.vraptor.serialization.xstream.XStreamSerializerTest
Tests run: 24, Failures: 0, Errors: 0, Skipped: 1, Time elapsed: 0.344 sec
Running br.com.caelum.vraptor.converter.l10n.LocaleBasedPrimitiveDoubleConverterTest
Tests run: 6, Failures: 0, Errors: 0, Skipped: 0, Time elapsed: 0.031 sec
Running br.com.caelum.vraptor.core.DefaultConvertersTest
Tests run: 6, Failures: 0, Errors: 0, Skipped: 0, Time elapsed: 0.319 sec
Running br.com.caelum.vraptor.converter.jodatime.LocalTimeConverterTest
Tests run: 4, Failures: 0, Errors: 0, Skipped: 0, Time elapsed: 0.03 sec
Running br.com.caelum.vraptor.converter.l10n.LocaleBasedBigDecimalConverterTest
Tests run: 6, Failures: 0, Errors: 0, Skipped: 0, Time elapsed: 0.056 sec
Running br.com.caelum.vraptor.http.ognl.OgnlGenericTypesSupportTest
Tests run: 3, Failures: 0, Errors: 0, Skipped: 0, Time elapsed: 0.04 sec
Running br.com.caelum.vraptor.util.StringnifierTest
Tests run: 4, Failures: 0, Errors: 0, Skipped: 0, Time elapsed: 0.012 sec
Running br.com.caelum.vraptor.resource.ResourceNotFoundHandlerTest
Tests run: 3, Failures: 0, Errors: 0, Skipped: 0, Time elapsed: 0.016 sec
Running br.com.caelum.vraptor.interceptor.multipart.Servlet3MultipartInterceptorTest
13:58:38,486  WARN [Servlet3MultipartInterceptor] Request have an invalid encoding. Ignoring it
13:58:38,492  WARN [Servlet3MultipartInterceptor] Request have an invalid encoding. Ignoring it
13:58:38,563  WARN [Servlet3MultipartInterceptor] The file size limit was exceeded.
java.lang.IllegalStateException
	at br.com.caelum.vraptor.interceptor.multipart.Servlet3MultipartInterceptor.intercept(Servlet3MultipartInterceptor.java:118)
	at br.com.caelum.vraptor.interceptor.multipart.Servlet3MultipartInterceptorTest.shouldValidateWhenSizeLimitExceededExceptionOccurs(Servlet3MultipartInterceptorTest.java:207)
	at sun.reflect.NativeMethodAccessorImpl.invoke0(Native Method)
	at sun.reflect.NativeMethodAccessorImpl.invoke(NativeMethodAccessorImpl.java:57)
	at sun.reflect.DelegatingMethodAccessorImpl.invoke(DelegatingMethodAccessorImpl.java:43)
	at java.lang.reflect.Method.invoke(Method.java:601)
	at org.junit.runners.model.FrameworkMethod$1.runReflectiveCall(FrameworkMethod.java:45)
	at org.junit.internal.runners.model.ReflectiveCallable.run(ReflectiveCallable.java:15)
	at org.junit.runners.model.FrameworkMethod.invokeExplosively(FrameworkMethod.java:42)
	at org.junit.internal.runners.statements.InvokeMethod.evaluate(InvokeMethod.java:20)
	at org.junit.internal.runners.statements.RunBefores.evaluate(RunBefores.java:28)
	at org.junit.runners.ParentRunner.runLeaf(ParentRunner.java:263)
	at org.junit.runners.BlockJUnit4ClassRunner.runChild(BlockJUnit4ClassRunner.java:68)
	at org.junit.runners.BlockJUnit4ClassRunner.runChild(BlockJUnit4ClassRunner.java:47)
	at org.junit.runners.ParentRunner$3.run(ParentRunner.java:231)
	at org.junit.runners.ParentRunner$1.schedule(ParentRunner.java:60)
	at org.junit.runners.ParentRunner.runChildren(ParentRunner.java:229)
	at org.junit.runners.ParentRunner.access$000(ParentRunner.java:50)
	at org.junit.runners.ParentRunner$2.evaluate(ParentRunner.java:222)
	at org.junit.runners.ParentRunner.run(ParentRunner.java:300)
	at org.apache.maven.surefire.junit4.JUnit4TestSet.execute(JUnit4TestSet.java:62)
	at org.apache.maven.surefire.suite.AbstractDirectoryTestSuite.executeTestSet(AbstractDirectoryTestSuite.java:140)
	at org.apache.maven.surefire.suite.AbstractDirectoryTestSuite.execute(AbstractDirectoryTestSuite.java:127)
	at org.apache.maven.surefire.Surefire.run(Surefire.java:177)
	at sun.reflect.NativeMethodAccessorImpl.invoke0(Native Method)
	at sun.reflect.NativeMethodAccessorImpl.invoke(NativeMethodAccessorImpl.java:57)
	at sun.reflect.DelegatingMethodAccessorImpl.invoke(DelegatingMethodAccessorImpl.java:43)
	at java.lang.reflect.Method.invoke(Method.java:601)
	at org.apache.maven.surefire.booter.SurefireBooter.runSuitesInProcess(SurefireBooter.java:345)
	at org.apache.maven.surefire.booter.SurefireBooter.main(SurefireBooter.java:1009)
Tests run: 13, Failures: 0, Errors: 0, Skipped: 0, Time elapsed: 0.128 sec
Running br.com.caelum.vraptor.converter.jodatime.LocalDateTimeConverterTest
Tests run: 4, Failures: 0, Errors: 0, Skipped: 0, Time elapsed: 0.071 sec
Running br.com.caelum.vraptor.http.ognl.GenericNullHandlerTest
Tests run: 9, Failures: 0, Errors: 0, Skipped: 0, Time elapsed: 0.061 sec
Running br.com.caelum.vraptor.converter.LongConverterTest
Tests run: 4, Failures: 0, Errors: 0, Skipped: 0, Time elapsed: 0.011 sec
Running br.com.caelum.vraptor.view.DefaultHttpResultTest
Tests run: 12, Failures: 0, Errors: 0, Skipped: 0, Time elapsed: 0.069 sec
Running br.com.caelum.vraptor.util.test.MockSerializationResultTest
Tests run: 1, Failures: 0, Errors: 0, Skipped: 0, Time elapsed: 0.017 sec
Running br.com.caelum.vraptor.interceptor.FlashInterceptorTest
Tests run: 7, Failures: 0, Errors: 0, Skipped: 0, Time elapsed: 0.041 sec
Running br.com.caelum.vraptor.util.test.MockHttpServletResponseTest
Tests run: 1, Failures: 0, Errors: 0, Skipped: 0, Time elapsed: 0.008 sec
Running br.com.caelum.vraptor.core.DefaultMethodInfoTest
Tests run: 2, Failures: 0, Errors: 0, Skipped: 0, Time elapsed: 0.007 sec
Running br.com.caelum.vraptor.interceptor.download.ByteArrayDownloadTest
Tests run: 2, Failures: 0, Errors: 0, Skipped: 0, Time elapsed: 0.012 sec
Running br.com.caelum.vraptor.converter.PrimitiveLongConverterTest
Tests run: 4, Failures: 0, Errors: 0, Skipped: 0, Time elapsed: 0.009 sec
Running br.com.caelum.vraptor.http.DefaultParameterNameProviderTest
Tests run: 4, Failures: 0, Errors: 0, Skipped: 0, Time elapsed: 0.018 sec
Running br.com.caelum.vraptor.converter.ShortConverterTest
Tests run: 4, Failures: 0, Errors: 0, Skipped: 0, Time elapsed: 0.01 sec
Running br.com.caelum.vraptor.ioc.pico.PicoBasedContainerTest
Tests run: 3, Failures: 0, Errors: 0, Skipped: 0, Time elapsed: 0.015 sec
Running br.com.caelum.vraptor.serialization.HTMLSerializationTest
Tests run: 6, Failures: 0, Errors: 0, Skipped: 0, Time elapsed: 0.023 sec
Running br.com.caelum.vraptor.http.EncodingHandlerFactoryTest
Tests run: 2, Failures: 0, Errors: 0, Skipped: 0, Time elapsed: 0.011 sec
Running br.com.caelum.vraptor.interceptor.DownloadInterceptorTest
Tests run: 12, Failures: 0, Errors: 0, Skipped: 0, Time elapsed: 0.118 sec
Running br.com.caelum.vraptor.interceptor.ExecuteMethodInterceptorTest
Tests run: 9, Failures: 0, Errors: 0, Skipped: 0, Time elapsed: 0.058 sec
Running br.com.caelum.vraptor.restfulie.serialization.RestfulSerializationTest
Tests run: 3, Failures: 0, Errors: 0, Skipped: 0, Time elapsed: 0.034 sec

Results :

Failed tests: 
  shouldReturnWantedUrlWithoutArgs(br.com.caelum.vraptor.view.LinkToHandlerTest)

Tests run: 1099, Failures: 1, Errors: 0, Skipped: 6

[INFO] ------------------------------------------------------------------------
[ERROR] BUILD FAILURE
[INFO] ------------------------------------------------------------------------
[INFO] There are test failures.

Please refer to C:\apache-maven-2.2.1\vraptor\vraptor-8\vers_mista\vraptor-core\target\surefire-reports for the individual test results.
[INFO] ------------------------------------------------------------------------
[INFO] For more information, run Maven with the -e switch
[INFO] ------------------------------------------------------------------------
[INFO] Total time: 2 minutes 54 seconds
[INFO] Finished at: Mon Nov 09 13:58:39 BRST 2015
[INFO] Final Memory: 45M/304M
[INFO] ------------------------------------------------------------------------
